# JRE version: OpenJDK Runtime Environment (8.0_152-b01) (build 1.8.0_152-release-1343-b01)
# Java VM: OpenJDK 64-Bit Server VM (25.152-b01 mixed mode bsd-amd64 compressed oops)
Heap:
 PSYoungGen      total 389120K, used 174745K [0x00000007a0000000, 0x00000007c0000000, 0x00000007c0000000)
  eden space 258048K, 65% used [0x00000007a0000000,0x00000007aa4c2700,0x00000007afc00000)
  from space 131072K, 4% used [0x00000007b7980000,0x00000007b7f64010,0x00000007bf980000)
  to   space 128512K, 0% used [0x00000007afc00000,0x00000007afc00000,0x00000007b7980000)
 ParOldGen       total 480256K, used 296857K [0x0000000760000000, 0x000000077d500000, 0x00000007a0000000)
  object space 480256K, 61% used [0x0000000760000000,0x00000007721e6490,0x000000077d500000)
 Metaspace       used 259903K, capacity 270144K, committed 288920K, reserved 1300480K
  class space    used 31258K, capacity 33001K, committed 37792K, reserved 1048576K
GC Heap History (10 events):
Event: 36803.334 GC heap before
{Heap before GC invocations=316 (full 29):
 PSYoungGen      total 393728K, used 284097K [0x00000007a0000000, 0x00000007c0000000, 0x00000007c0000000)
  eden space 272384K, 100% used [0x00000007a0000000,0x00000007b0a00000,0x00000007b0a00000)
  from space 121344K, 9% used [0x00000007b7d00000,0x00000007b8870400,0x00000007bf380000)
  to   space 117760K, 0% used [0x00000007b0a00000,0x00000007b0a00000,0x00000007b7d00000)
 ParOldGen       total 379392K, used 322873K [0x0000000760000000, 0x0000000777280000, 0x00000007a0000000)
  object space 379392K, 85% used [0x0000000760000000,0x0000000773b4e690,0x0000000777280000)
 Metaspace       used 287512K, capacity 298036K, committed 301208K, reserved 1312768K
  class space    used 34465K, capacity 36255K, committed 37792K, reserved 1048576K
Event: 36804.256 GC heap after
Heap after GC invocations=316 (full 29):
 PSYoungGen      total 390144K, used 100847K [0x00000007a0000000, 0x00000007c0000000, 0x00000007c0000000)
  eden space 272384K, 0% used [0x00000007a0000000,0x00000007a0000000,0x00000007b0a00000)
  from space 117760K, 85% used [0x00000007b0a00000,0x00000007b6c7bea0,0x00000007b7d00000)
  to   space 133632K, 0% used [0x00000007b7d80000,0x00000007b7d80000,0x00000007c0000000)
 ParOldGen       total 379392K, used 332160K [0x0000000760000000, 0x0000000777280000, 0x00000007a0000000)
  object space 379392K, 87% used [0x0000000760000000,0x0000000774460288,0x0000000777280000)
 Metaspace       used 287512K, capacity 298036K, committed 301208K, reserved 1312768K
  class space    used 34465K, capacity 36255K, committed 37792K, reserved 1048576K
}
Event: 36804.258 GC heap before
{Heap before GC invocations=317 (full 30):
 PSYoungGen      total 390144K, used 100847K [0x00000007a0000000, 0x00000007c0000000, 0x00000007c0000000)
  eden space 272384K, 0% used [0x00000007a0000000,0x00000007a0000000,0x00000007b0a00000)
  from space 117760K, 85% used [0x00000007b0a00000,0x00000007b6c7bea0,0x00000007b7d00000)
  to   space 133632K, 0% used [0x00000007b7d80000,0x00000007b7d80000,0x00000007c0000000)
 ParOldGen       total 379392K, used 332160K [0x0000000760000000, 0x0000000777280000, 0x00000007a0000000)
  object space 379392K, 87% used [0x0000000760000000,0x0000000774460288,0x0000000777280000)
 Metaspace       used 287512K, capacity 298036K, committed 301208K, reserved 1312768K
  class space    used 34465K, capacity 36255K, committed 37792K, reserved 1048576K
Event: 36812.891 GC heap after
Heap after GC invocations=317 (full 30):
 PSYoungGen      total 390144K, used 0K [0x00000007a0000000, 0x00000007c0000000, 0x00000007c0000000)
  eden space 272384K, 0% used [0x00000007a0000000,0x00000007a0000000,0x00000007b0a00000)
  from space 117760K, 0% used [0x00000007b0a00000,0x00000007b0a00000,0x00000007b7d00000)
  to   space 133632K, 0% used [0x00000007b7d80000,0x00000007b7d80000,0x00000007c0000000)
 ParOldGen       total 480256K, used 226473K [0x0000000760000000, 0x000000077d500000, 0x00000007a0000000)
  object space 480256K, 47% used [0x0000000760000000,0x000000076dd2a598,0x000000077d500000)
 Metaspace       used 259807K, capacity 270088K, committed 288920K, reserved 1300480K
  class space    used 31252K, capacity 32993K, committed 37792K, reserved 1048576K
}
Event: 36816.141 GC heap before
{Heap before GC invocations=318 (full 30):
 PSYoungGen      total 390144K, used 272384K [0x00000007a0000000, 0x00000007c0000000, 0x00000007c0000000)
  eden space 272384K, 100% used [0x00000007a0000000,0x00000007b0a00000,0x00000007b0a00000)
  from space 117760K, 0% used [0x00000007b0a00000,0x00000007b0a00000,0x00000007b7d00000)
  to   space 133632K, 0% used [0x00000007b7d80000,0x00000007b7d80000,0x00000007c0000000)
 ParOldGen       total 480256K, used 226473K [0x0000000760000000, 0x000000077d500000, 0x00000007a0000000)
  object space 480256K, 47% used [0x0000000760000000,0x000000076dd2a598,0x000000077d500000)
 Metaspace       used 259814K, capacity 270088K, committed 288920K, reserved 1300480K
  class space    used 31253K, capacity 32993K, committed 37792K, reserved 1048576K
Event: 36817.799 GC heap after
Heap after GC invocations=318 (full 30):
 PSYoungGen      total 387584K, used 71136K [0x00000007a0000000, 0x00000007c0000000, 0x00000007c0000000)
  eden space 253952K, 0% used [0x00000007a0000000,0x00000007a0000000,0x00000007af800000)
  from space 133632K, 53% used [0x00000007b7d80000,0x00000007bc2f8388,0x00000007c0000000)
  to   space 135168K, 0% used [0x00000007af800000,0x00000007af800000,0x00000007b7c00000)
 ParOldGen       total 480256K, used 226473K [0x0000000760000000, 0x000000077d500000, 0x00000007a0000000)
  object space 480256K, 47% used [0x0000000760000000,0x000000076dd2a598,0x000000077d500000)
 Metaspace       used 259814K, capacity 270088K, committed 288920K, reserved 1300480K
  class space    used 31253K, capacity 32993K, committed 37792K, reserved 1048576K
}
Event: 37173.300 GC heap before
{Heap before GC invocations=319 (full 30):
 PSYoungGen      total 387584K, used 325088K [0x00000007a0000000, 0x00000007c0000000, 0x00000007c0000000)
  eden space 253952K, 100% used [0x00000007a0000000,0x00000007af800000,0x00000007af800000)
  from space 133632K, 53% used [0x00000007b7d80000,0x00000007bc2f8388,0x00000007c0000000)
  to   space 135168K, 0% used [0x00000007af800000,0x00000007af800000,0x00000007b7c00000)
 ParOldGen       total 480256K, used 226473K [0x0000000760000000, 0x000000077d500000, 0x00000007a0000000)
  object space 480256K, 47% used [0x0000000760000000,0x000000076dd2a598,0x000000077d500000)
 Metaspace       used 259848K, capacity 270096K, committed 288920K, reserved 1300480K
  class space    used 31253K, capacity 32993K, committed 37792K, reserved 1048576K
Event: 37174.178 GC heap after
Heap after GC invocations=319 (full 30):
 PSYoungGen      total 269824K, used 15671K [0x00000007a0000000, 0x00000007bf980000, 0x00000007c0000000)
  eden space 253952K, 0% used [0x00000007a0000000,0x00000007a0000000,0x00000007af800000)
  from space 15872K, 98% used [0x00000007af800000,0x00000007b074df80,0x00000007b0780000)
  to   space 131072K, 0% used [0x00000007b7980000,0x00000007b7980000,0x00000007bf980000)
 ParOldGen       total 480256K, used 295449K [0x0000000760000000, 0x000000077d500000, 0x00000007a0000000)
  object space 480256K, 61% used [0x0000000760000000,0x00000007720866f0,0x000000077d500000)
 Metaspace       used 259848K, capacity 270096K, committed 288920K, reserved 1300480K
  class space    used 31253K, capacity 32993K, committed 37792K, reserved 1048576K
}
Event: 40613.678 GC heap before
{Heap before GC invocations=320 (full 30):
 PSYoungGen      total 269824K, used 269623K [0x00000007a0000000, 0x00000007bf980000, 0x00000007c0000000)
  eden space 253952K, 100% used [0x00000007a0000000,0x00000007af800000,0x00000007af800000)
  from space 15872K, 98% used [0x00000007af800000,0x00000007b074df80,0x00000007b0780000)
  to   space 131072K, 0% used [0x00000007b7980000,0x00000007b7980000,0x00000007bf980000)
 ParOldGen       total 480256K, used 295449K [0x0000000760000000, 0x000000077d500000, 0x00000007a0000000)
  object space 480256K, 61% used [0x0000000760000000,0x00000007720866f0,0x000000077d500000)
 Metaspace       used 259895K, capacity 270144K, committed 288920K, reserved 1300480K
  class space    used 31258K, capacity 33001K, committed 37792K, reserved 1048576K
Event: 40614.891 GC heap after
Heap after GC invocations=320 (full 30):
 PSYoungGen      total 389120K, used 6032K [0x00000007a0000000, 0x00000007c0000000, 0x00000007c0000000)
  eden space 258048K, 0% used [0x00000007a0000000,0x00000007a0000000,0x00000007afc00000)
  from space 131072K, 4% used [0x00000007b7980000,0x00000007b7f64010,0x00000007bf980000)
  to   space 128512K, 0% used [0x00000007afc00000,0x00000007afc00000,0x00000007b7980000)
 ParOldGen       total 480256K, used 296857K [0x0000000760000000, 0x000000077d500000, 0x00000007a0000000)
  object space 480256K, 61% used [0x0000000760000000,0x00000007721e6490,0x000000077d500000)
 Metaspace       used 259895K, capacity 270144K, committed 288920K, reserved 1300480K
  class space    used 31258K, capacity 33001K, committed 37792K, reserved 1048576K
}

